<?xml version="1.0" encoding="UTF-8"?>
<!-- Generated by org.testng.reporters.JUnitReportReporter -->
<testsuite hostname="DESKTOP-OB4MFH2" failures="0" tests="2" name="org.adactin.FinalRun" time="25.651" errors="0" timestamp="2022-09-01T09:31:39 IST" skipped="0">
  <testcase classname="org.adactin.FinalRun" name="tc01" time="21.981"/>
  <system-out/>
  <testcase classname="org.adactin.FinalRun" name="tc02" time="3.670"/>
  <system-out/>
</testsuite> <!-- org.adactin.FinalRun -->
